G75*
%MOIN*%
%OFA0B0*%
%FSLAX25Y25*%
%IPPOS*%
%LPD*%
%AMOC8*
5,1,8,0,0,1.08239X$1,22.5*
%
%ADD10C,0.00000*%
%ADD11C,0.00100*%
D10*
X0016320Y0001000D02*
X0016320Y0131000D01*
X0216320Y0131000D01*
X0216320Y0001000D01*
X0016320Y0001000D01*
X0104233Y0028500D02*
X0104235Y0028674D01*
X0104242Y0028848D01*
X0104252Y0029021D01*
X0104267Y0029195D01*
X0104286Y0029368D01*
X0104310Y0029540D01*
X0104337Y0029712D01*
X0104369Y0029883D01*
X0104405Y0030053D01*
X0104445Y0030222D01*
X0104490Y0030390D01*
X0104538Y0030557D01*
X0104591Y0030723D01*
X0104647Y0030888D01*
X0104708Y0031051D01*
X0104772Y0031212D01*
X0104841Y0031372D01*
X0104913Y0031530D01*
X0104990Y0031686D01*
X0105070Y0031841D01*
X0105154Y0031993D01*
X0105241Y0032143D01*
X0105333Y0032292D01*
X0105427Y0032437D01*
X0105526Y0032581D01*
X0105628Y0032722D01*
X0105733Y0032860D01*
X0105842Y0032996D01*
X0105954Y0033129D01*
X0106069Y0033259D01*
X0106187Y0033387D01*
X0106309Y0033511D01*
X0106433Y0033633D01*
X0106561Y0033751D01*
X0106691Y0033866D01*
X0106824Y0033978D01*
X0106960Y0034087D01*
X0107098Y0034192D01*
X0107239Y0034294D01*
X0107383Y0034393D01*
X0107528Y0034487D01*
X0107677Y0034579D01*
X0107827Y0034666D01*
X0107979Y0034750D01*
X0108134Y0034830D01*
X0108290Y0034907D01*
X0108448Y0034979D01*
X0108608Y0035048D01*
X0108769Y0035112D01*
X0108932Y0035173D01*
X0109097Y0035229D01*
X0109263Y0035282D01*
X0109430Y0035330D01*
X0109598Y0035375D01*
X0109767Y0035415D01*
X0109937Y0035451D01*
X0110108Y0035483D01*
X0110280Y0035510D01*
X0110452Y0035534D01*
X0110625Y0035553D01*
X0110799Y0035568D01*
X0110972Y0035578D01*
X0111146Y0035585D01*
X0111320Y0035587D01*
X0111494Y0035585D01*
X0111668Y0035578D01*
X0111841Y0035568D01*
X0112015Y0035553D01*
X0112188Y0035534D01*
X0112360Y0035510D01*
X0112532Y0035483D01*
X0112703Y0035451D01*
X0112873Y0035415D01*
X0113042Y0035375D01*
X0113210Y0035330D01*
X0113377Y0035282D01*
X0113543Y0035229D01*
X0113708Y0035173D01*
X0113871Y0035112D01*
X0114032Y0035048D01*
X0114192Y0034979D01*
X0114350Y0034907D01*
X0114506Y0034830D01*
X0114661Y0034750D01*
X0114813Y0034666D01*
X0114963Y0034579D01*
X0115112Y0034487D01*
X0115257Y0034393D01*
X0115401Y0034294D01*
X0115542Y0034192D01*
X0115680Y0034087D01*
X0115816Y0033978D01*
X0115949Y0033866D01*
X0116079Y0033751D01*
X0116207Y0033633D01*
X0116331Y0033511D01*
X0116453Y0033387D01*
X0116571Y0033259D01*
X0116686Y0033129D01*
X0116798Y0032996D01*
X0116907Y0032860D01*
X0117012Y0032722D01*
X0117114Y0032581D01*
X0117213Y0032437D01*
X0117307Y0032292D01*
X0117399Y0032143D01*
X0117486Y0031993D01*
X0117570Y0031841D01*
X0117650Y0031686D01*
X0117727Y0031530D01*
X0117799Y0031372D01*
X0117868Y0031212D01*
X0117932Y0031051D01*
X0117993Y0030888D01*
X0118049Y0030723D01*
X0118102Y0030557D01*
X0118150Y0030390D01*
X0118195Y0030222D01*
X0118235Y0030053D01*
X0118271Y0029883D01*
X0118303Y0029712D01*
X0118330Y0029540D01*
X0118354Y0029368D01*
X0118373Y0029195D01*
X0118388Y0029021D01*
X0118398Y0028848D01*
X0118405Y0028674D01*
X0118407Y0028500D01*
X0118405Y0028326D01*
X0118398Y0028152D01*
X0118388Y0027979D01*
X0118373Y0027805D01*
X0118354Y0027632D01*
X0118330Y0027460D01*
X0118303Y0027288D01*
X0118271Y0027117D01*
X0118235Y0026947D01*
X0118195Y0026778D01*
X0118150Y0026610D01*
X0118102Y0026443D01*
X0118049Y0026277D01*
X0117993Y0026112D01*
X0117932Y0025949D01*
X0117868Y0025788D01*
X0117799Y0025628D01*
X0117727Y0025470D01*
X0117650Y0025314D01*
X0117570Y0025159D01*
X0117486Y0025007D01*
X0117399Y0024857D01*
X0117307Y0024708D01*
X0117213Y0024563D01*
X0117114Y0024419D01*
X0117012Y0024278D01*
X0116907Y0024140D01*
X0116798Y0024004D01*
X0116686Y0023871D01*
X0116571Y0023741D01*
X0116453Y0023613D01*
X0116331Y0023489D01*
X0116207Y0023367D01*
X0116079Y0023249D01*
X0115949Y0023134D01*
X0115816Y0023022D01*
X0115680Y0022913D01*
X0115542Y0022808D01*
X0115401Y0022706D01*
X0115257Y0022607D01*
X0115112Y0022513D01*
X0114963Y0022421D01*
X0114813Y0022334D01*
X0114661Y0022250D01*
X0114506Y0022170D01*
X0114350Y0022093D01*
X0114192Y0022021D01*
X0114032Y0021952D01*
X0113871Y0021888D01*
X0113708Y0021827D01*
X0113543Y0021771D01*
X0113377Y0021718D01*
X0113210Y0021670D01*
X0113042Y0021625D01*
X0112873Y0021585D01*
X0112703Y0021549D01*
X0112532Y0021517D01*
X0112360Y0021490D01*
X0112188Y0021466D01*
X0112015Y0021447D01*
X0111841Y0021432D01*
X0111668Y0021422D01*
X0111494Y0021415D01*
X0111320Y0021413D01*
X0111146Y0021415D01*
X0110972Y0021422D01*
X0110799Y0021432D01*
X0110625Y0021447D01*
X0110452Y0021466D01*
X0110280Y0021490D01*
X0110108Y0021517D01*
X0109937Y0021549D01*
X0109767Y0021585D01*
X0109598Y0021625D01*
X0109430Y0021670D01*
X0109263Y0021718D01*
X0109097Y0021771D01*
X0108932Y0021827D01*
X0108769Y0021888D01*
X0108608Y0021952D01*
X0108448Y0022021D01*
X0108290Y0022093D01*
X0108134Y0022170D01*
X0107979Y0022250D01*
X0107827Y0022334D01*
X0107677Y0022421D01*
X0107528Y0022513D01*
X0107383Y0022607D01*
X0107239Y0022706D01*
X0107098Y0022808D01*
X0106960Y0022913D01*
X0106824Y0023022D01*
X0106691Y0023134D01*
X0106561Y0023249D01*
X0106433Y0023367D01*
X0106309Y0023489D01*
X0106187Y0023613D01*
X0106069Y0023741D01*
X0105954Y0023871D01*
X0105842Y0024004D01*
X0105733Y0024140D01*
X0105628Y0024278D01*
X0105526Y0024419D01*
X0105427Y0024563D01*
X0105333Y0024708D01*
X0105241Y0024857D01*
X0105154Y0025007D01*
X0105070Y0025159D01*
X0104990Y0025314D01*
X0104913Y0025470D01*
X0104841Y0025628D01*
X0104772Y0025788D01*
X0104708Y0025949D01*
X0104647Y0026112D01*
X0104591Y0026277D01*
X0104538Y0026443D01*
X0104490Y0026610D01*
X0104445Y0026778D01*
X0104405Y0026947D01*
X0104369Y0027117D01*
X0104337Y0027288D01*
X0104310Y0027460D01*
X0104286Y0027632D01*
X0104267Y0027805D01*
X0104252Y0027979D01*
X0104242Y0028152D01*
X0104235Y0028326D01*
X0104233Y0028500D01*
X0195729Y0054622D02*
X0195731Y0054693D01*
X0195737Y0054764D01*
X0195747Y0054835D01*
X0195761Y0054904D01*
X0195778Y0054973D01*
X0195800Y0055041D01*
X0195825Y0055108D01*
X0195854Y0055173D01*
X0195886Y0055236D01*
X0195922Y0055298D01*
X0195961Y0055357D01*
X0196004Y0055414D01*
X0196049Y0055469D01*
X0196098Y0055521D01*
X0196149Y0055570D01*
X0196203Y0055616D01*
X0196260Y0055660D01*
X0196318Y0055700D01*
X0196379Y0055736D01*
X0196442Y0055770D01*
X0196507Y0055799D01*
X0196573Y0055825D01*
X0196641Y0055848D01*
X0196709Y0055866D01*
X0196779Y0055881D01*
X0196849Y0055892D01*
X0196920Y0055899D01*
X0196991Y0055902D01*
X0197062Y0055901D01*
X0197133Y0055896D01*
X0197204Y0055887D01*
X0197274Y0055874D01*
X0197343Y0055858D01*
X0197411Y0055837D01*
X0197478Y0055813D01*
X0197544Y0055785D01*
X0197607Y0055753D01*
X0197669Y0055718D01*
X0197729Y0055680D01*
X0197787Y0055638D01*
X0197842Y0055594D01*
X0197895Y0055546D01*
X0197945Y0055495D01*
X0197992Y0055442D01*
X0198036Y0055386D01*
X0198077Y0055328D01*
X0198115Y0055267D01*
X0198149Y0055205D01*
X0198179Y0055140D01*
X0198206Y0055075D01*
X0198230Y0055007D01*
X0198249Y0054939D01*
X0198265Y0054870D01*
X0198277Y0054799D01*
X0198285Y0054729D01*
X0198289Y0054658D01*
X0198289Y0054586D01*
X0198285Y0054515D01*
X0198277Y0054445D01*
X0198265Y0054374D01*
X0198249Y0054305D01*
X0198230Y0054237D01*
X0198206Y0054169D01*
X0198179Y0054104D01*
X0198149Y0054039D01*
X0198115Y0053977D01*
X0198077Y0053916D01*
X0198036Y0053858D01*
X0197992Y0053802D01*
X0197945Y0053749D01*
X0197895Y0053698D01*
X0197842Y0053650D01*
X0197787Y0053606D01*
X0197729Y0053564D01*
X0197669Y0053526D01*
X0197607Y0053491D01*
X0197544Y0053459D01*
X0197478Y0053431D01*
X0197411Y0053407D01*
X0197343Y0053386D01*
X0197274Y0053370D01*
X0197204Y0053357D01*
X0197133Y0053348D01*
X0197062Y0053343D01*
X0196991Y0053342D01*
X0196920Y0053345D01*
X0196849Y0053352D01*
X0196779Y0053363D01*
X0196709Y0053378D01*
X0196641Y0053396D01*
X0196573Y0053419D01*
X0196507Y0053445D01*
X0196442Y0053474D01*
X0196379Y0053508D01*
X0196318Y0053544D01*
X0196260Y0053584D01*
X0196203Y0053628D01*
X0196149Y0053674D01*
X0196098Y0053723D01*
X0196049Y0053775D01*
X0196004Y0053830D01*
X0195961Y0053887D01*
X0195922Y0053946D01*
X0195886Y0054008D01*
X0195854Y0054071D01*
X0195825Y0054136D01*
X0195800Y0054203D01*
X0195778Y0054271D01*
X0195761Y0054340D01*
X0195747Y0054409D01*
X0195737Y0054480D01*
X0195731Y0054551D01*
X0195729Y0054622D01*
X0195729Y0077378D02*
X0195731Y0077449D01*
X0195737Y0077520D01*
X0195747Y0077591D01*
X0195761Y0077660D01*
X0195778Y0077729D01*
X0195800Y0077797D01*
X0195825Y0077864D01*
X0195854Y0077929D01*
X0195886Y0077992D01*
X0195922Y0078054D01*
X0195961Y0078113D01*
X0196004Y0078170D01*
X0196049Y0078225D01*
X0196098Y0078277D01*
X0196149Y0078326D01*
X0196203Y0078372D01*
X0196260Y0078416D01*
X0196318Y0078456D01*
X0196379Y0078492D01*
X0196442Y0078526D01*
X0196507Y0078555D01*
X0196573Y0078581D01*
X0196641Y0078604D01*
X0196709Y0078622D01*
X0196779Y0078637D01*
X0196849Y0078648D01*
X0196920Y0078655D01*
X0196991Y0078658D01*
X0197062Y0078657D01*
X0197133Y0078652D01*
X0197204Y0078643D01*
X0197274Y0078630D01*
X0197343Y0078614D01*
X0197411Y0078593D01*
X0197478Y0078569D01*
X0197544Y0078541D01*
X0197607Y0078509D01*
X0197669Y0078474D01*
X0197729Y0078436D01*
X0197787Y0078394D01*
X0197842Y0078350D01*
X0197895Y0078302D01*
X0197945Y0078251D01*
X0197992Y0078198D01*
X0198036Y0078142D01*
X0198077Y0078084D01*
X0198115Y0078023D01*
X0198149Y0077961D01*
X0198179Y0077896D01*
X0198206Y0077831D01*
X0198230Y0077763D01*
X0198249Y0077695D01*
X0198265Y0077626D01*
X0198277Y0077555D01*
X0198285Y0077485D01*
X0198289Y0077414D01*
X0198289Y0077342D01*
X0198285Y0077271D01*
X0198277Y0077201D01*
X0198265Y0077130D01*
X0198249Y0077061D01*
X0198230Y0076993D01*
X0198206Y0076925D01*
X0198179Y0076860D01*
X0198149Y0076795D01*
X0198115Y0076733D01*
X0198077Y0076672D01*
X0198036Y0076614D01*
X0197992Y0076558D01*
X0197945Y0076505D01*
X0197895Y0076454D01*
X0197842Y0076406D01*
X0197787Y0076362D01*
X0197729Y0076320D01*
X0197669Y0076282D01*
X0197607Y0076247D01*
X0197544Y0076215D01*
X0197478Y0076187D01*
X0197411Y0076163D01*
X0197343Y0076142D01*
X0197274Y0076126D01*
X0197204Y0076113D01*
X0197133Y0076104D01*
X0197062Y0076099D01*
X0196991Y0076098D01*
X0196920Y0076101D01*
X0196849Y0076108D01*
X0196779Y0076119D01*
X0196709Y0076134D01*
X0196641Y0076152D01*
X0196573Y0076175D01*
X0196507Y0076201D01*
X0196442Y0076230D01*
X0196379Y0076264D01*
X0196318Y0076300D01*
X0196260Y0076340D01*
X0196203Y0076384D01*
X0196149Y0076430D01*
X0196098Y0076479D01*
X0196049Y0076531D01*
X0196004Y0076586D01*
X0195961Y0076643D01*
X0195922Y0076702D01*
X0195886Y0076764D01*
X0195854Y0076827D01*
X0195825Y0076892D01*
X0195800Y0076959D01*
X0195778Y0077027D01*
X0195761Y0077096D01*
X0195747Y0077165D01*
X0195737Y0077236D01*
X0195731Y0077307D01*
X0195729Y0077378D01*
X0104233Y0103500D02*
X0104235Y0103674D01*
X0104242Y0103848D01*
X0104252Y0104021D01*
X0104267Y0104195D01*
X0104286Y0104368D01*
X0104310Y0104540D01*
X0104337Y0104712D01*
X0104369Y0104883D01*
X0104405Y0105053D01*
X0104445Y0105222D01*
X0104490Y0105390D01*
X0104538Y0105557D01*
X0104591Y0105723D01*
X0104647Y0105888D01*
X0104708Y0106051D01*
X0104772Y0106212D01*
X0104841Y0106372D01*
X0104913Y0106530D01*
X0104990Y0106686D01*
X0105070Y0106841D01*
X0105154Y0106993D01*
X0105241Y0107143D01*
X0105333Y0107292D01*
X0105427Y0107437D01*
X0105526Y0107581D01*
X0105628Y0107722D01*
X0105733Y0107860D01*
X0105842Y0107996D01*
X0105954Y0108129D01*
X0106069Y0108259D01*
X0106187Y0108387D01*
X0106309Y0108511D01*
X0106433Y0108633D01*
X0106561Y0108751D01*
X0106691Y0108866D01*
X0106824Y0108978D01*
X0106960Y0109087D01*
X0107098Y0109192D01*
X0107239Y0109294D01*
X0107383Y0109393D01*
X0107528Y0109487D01*
X0107677Y0109579D01*
X0107827Y0109666D01*
X0107979Y0109750D01*
X0108134Y0109830D01*
X0108290Y0109907D01*
X0108448Y0109979D01*
X0108608Y0110048D01*
X0108769Y0110112D01*
X0108932Y0110173D01*
X0109097Y0110229D01*
X0109263Y0110282D01*
X0109430Y0110330D01*
X0109598Y0110375D01*
X0109767Y0110415D01*
X0109937Y0110451D01*
X0110108Y0110483D01*
X0110280Y0110510D01*
X0110452Y0110534D01*
X0110625Y0110553D01*
X0110799Y0110568D01*
X0110972Y0110578D01*
X0111146Y0110585D01*
X0111320Y0110587D01*
X0111494Y0110585D01*
X0111668Y0110578D01*
X0111841Y0110568D01*
X0112015Y0110553D01*
X0112188Y0110534D01*
X0112360Y0110510D01*
X0112532Y0110483D01*
X0112703Y0110451D01*
X0112873Y0110415D01*
X0113042Y0110375D01*
X0113210Y0110330D01*
X0113377Y0110282D01*
X0113543Y0110229D01*
X0113708Y0110173D01*
X0113871Y0110112D01*
X0114032Y0110048D01*
X0114192Y0109979D01*
X0114350Y0109907D01*
X0114506Y0109830D01*
X0114661Y0109750D01*
X0114813Y0109666D01*
X0114963Y0109579D01*
X0115112Y0109487D01*
X0115257Y0109393D01*
X0115401Y0109294D01*
X0115542Y0109192D01*
X0115680Y0109087D01*
X0115816Y0108978D01*
X0115949Y0108866D01*
X0116079Y0108751D01*
X0116207Y0108633D01*
X0116331Y0108511D01*
X0116453Y0108387D01*
X0116571Y0108259D01*
X0116686Y0108129D01*
X0116798Y0107996D01*
X0116907Y0107860D01*
X0117012Y0107722D01*
X0117114Y0107581D01*
X0117213Y0107437D01*
X0117307Y0107292D01*
X0117399Y0107143D01*
X0117486Y0106993D01*
X0117570Y0106841D01*
X0117650Y0106686D01*
X0117727Y0106530D01*
X0117799Y0106372D01*
X0117868Y0106212D01*
X0117932Y0106051D01*
X0117993Y0105888D01*
X0118049Y0105723D01*
X0118102Y0105557D01*
X0118150Y0105390D01*
X0118195Y0105222D01*
X0118235Y0105053D01*
X0118271Y0104883D01*
X0118303Y0104712D01*
X0118330Y0104540D01*
X0118354Y0104368D01*
X0118373Y0104195D01*
X0118388Y0104021D01*
X0118398Y0103848D01*
X0118405Y0103674D01*
X0118407Y0103500D01*
X0118405Y0103326D01*
X0118398Y0103152D01*
X0118388Y0102979D01*
X0118373Y0102805D01*
X0118354Y0102632D01*
X0118330Y0102460D01*
X0118303Y0102288D01*
X0118271Y0102117D01*
X0118235Y0101947D01*
X0118195Y0101778D01*
X0118150Y0101610D01*
X0118102Y0101443D01*
X0118049Y0101277D01*
X0117993Y0101112D01*
X0117932Y0100949D01*
X0117868Y0100788D01*
X0117799Y0100628D01*
X0117727Y0100470D01*
X0117650Y0100314D01*
X0117570Y0100159D01*
X0117486Y0100007D01*
X0117399Y0099857D01*
X0117307Y0099708D01*
X0117213Y0099563D01*
X0117114Y0099419D01*
X0117012Y0099278D01*
X0116907Y0099140D01*
X0116798Y0099004D01*
X0116686Y0098871D01*
X0116571Y0098741D01*
X0116453Y0098613D01*
X0116331Y0098489D01*
X0116207Y0098367D01*
X0116079Y0098249D01*
X0115949Y0098134D01*
X0115816Y0098022D01*
X0115680Y0097913D01*
X0115542Y0097808D01*
X0115401Y0097706D01*
X0115257Y0097607D01*
X0115112Y0097513D01*
X0114963Y0097421D01*
X0114813Y0097334D01*
X0114661Y0097250D01*
X0114506Y0097170D01*
X0114350Y0097093D01*
X0114192Y0097021D01*
X0114032Y0096952D01*
X0113871Y0096888D01*
X0113708Y0096827D01*
X0113543Y0096771D01*
X0113377Y0096718D01*
X0113210Y0096670D01*
X0113042Y0096625D01*
X0112873Y0096585D01*
X0112703Y0096549D01*
X0112532Y0096517D01*
X0112360Y0096490D01*
X0112188Y0096466D01*
X0112015Y0096447D01*
X0111841Y0096432D01*
X0111668Y0096422D01*
X0111494Y0096415D01*
X0111320Y0096413D01*
X0111146Y0096415D01*
X0110972Y0096422D01*
X0110799Y0096432D01*
X0110625Y0096447D01*
X0110452Y0096466D01*
X0110280Y0096490D01*
X0110108Y0096517D01*
X0109937Y0096549D01*
X0109767Y0096585D01*
X0109598Y0096625D01*
X0109430Y0096670D01*
X0109263Y0096718D01*
X0109097Y0096771D01*
X0108932Y0096827D01*
X0108769Y0096888D01*
X0108608Y0096952D01*
X0108448Y0097021D01*
X0108290Y0097093D01*
X0108134Y0097170D01*
X0107979Y0097250D01*
X0107827Y0097334D01*
X0107677Y0097421D01*
X0107528Y0097513D01*
X0107383Y0097607D01*
X0107239Y0097706D01*
X0107098Y0097808D01*
X0106960Y0097913D01*
X0106824Y0098022D01*
X0106691Y0098134D01*
X0106561Y0098249D01*
X0106433Y0098367D01*
X0106309Y0098489D01*
X0106187Y0098613D01*
X0106069Y0098741D01*
X0105954Y0098871D01*
X0105842Y0099004D01*
X0105733Y0099140D01*
X0105628Y0099278D01*
X0105526Y0099419D01*
X0105427Y0099563D01*
X0105333Y0099708D01*
X0105241Y0099857D01*
X0105154Y0100007D01*
X0105070Y0100159D01*
X0104990Y0100314D01*
X0104913Y0100470D01*
X0104841Y0100628D01*
X0104772Y0100788D01*
X0104708Y0100949D01*
X0104647Y0101112D01*
X0104591Y0101277D01*
X0104538Y0101443D01*
X0104490Y0101610D01*
X0104445Y0101778D01*
X0104405Y0101947D01*
X0104369Y0102117D01*
X0104337Y0102288D01*
X0104310Y0102460D01*
X0104286Y0102632D01*
X0104267Y0102805D01*
X0104252Y0102979D01*
X0104242Y0103152D01*
X0104235Y0103326D01*
X0104233Y0103500D01*
D11*
X0107420Y0103500D02*
X0107422Y0103624D01*
X0107428Y0103749D01*
X0107438Y0103873D01*
X0107452Y0103996D01*
X0107469Y0104119D01*
X0107491Y0104242D01*
X0107517Y0104364D01*
X0107546Y0104484D01*
X0107580Y0104604D01*
X0107617Y0104723D01*
X0107658Y0104840D01*
X0107702Y0104956D01*
X0107750Y0105071D01*
X0107802Y0105184D01*
X0107858Y0105295D01*
X0107917Y0105405D01*
X0107979Y0105512D01*
X0108045Y0105618D01*
X0108114Y0105721D01*
X0108187Y0105822D01*
X0108263Y0105921D01*
X0108341Y0106017D01*
X0108423Y0106111D01*
X0108508Y0106202D01*
X0108595Y0106291D01*
X0108686Y0106376D01*
X0108779Y0106459D01*
X0108875Y0106538D01*
X0108973Y0106614D01*
X0109073Y0106688D01*
X0109176Y0106758D01*
X0109281Y0106824D01*
X0109388Y0106888D01*
X0109497Y0106948D01*
X0109608Y0107004D01*
X0109720Y0107057D01*
X0109835Y0107106D01*
X0109950Y0107152D01*
X0110068Y0107193D01*
X0110186Y0107232D01*
X0110306Y0107266D01*
X0110426Y0107296D01*
X0110548Y0107323D01*
X0110670Y0107345D01*
X0110793Y0107364D01*
X0110916Y0107379D01*
X0111040Y0107390D01*
X0111165Y0107397D01*
X0111289Y0107400D01*
X0111413Y0107399D01*
X0111538Y0107394D01*
X0111662Y0107385D01*
X0111785Y0107372D01*
X0111909Y0107355D01*
X0112031Y0107335D01*
X0112153Y0107310D01*
X0112274Y0107281D01*
X0112394Y0107249D01*
X0112513Y0107213D01*
X0112631Y0107173D01*
X0112748Y0107129D01*
X0112863Y0107082D01*
X0112976Y0107031D01*
X0113088Y0106976D01*
X0113198Y0106918D01*
X0113306Y0106857D01*
X0113412Y0106792D01*
X0113516Y0106723D01*
X0113617Y0106652D01*
X0113717Y0106577D01*
X0113814Y0106499D01*
X0113908Y0106418D01*
X0114000Y0106334D01*
X0114089Y0106247D01*
X0114175Y0106157D01*
X0114258Y0106065D01*
X0114338Y0105970D01*
X0114416Y0105872D01*
X0114490Y0105772D01*
X0114561Y0105670D01*
X0114628Y0105566D01*
X0114692Y0105459D01*
X0114753Y0105350D01*
X0114810Y0105240D01*
X0114864Y0105128D01*
X0114914Y0105014D01*
X0114961Y0104899D01*
X0115003Y0104782D01*
X0115042Y0104664D01*
X0115078Y0104544D01*
X0115109Y0104424D01*
X0115136Y0104303D01*
X0115160Y0104181D01*
X0115180Y0104058D01*
X0115196Y0103934D01*
X0115208Y0103811D01*
X0115216Y0103687D01*
X0115220Y0103562D01*
X0115220Y0103438D01*
X0115216Y0103313D01*
X0115208Y0103189D01*
X0115196Y0103066D01*
X0115180Y0102942D01*
X0115160Y0102819D01*
X0115136Y0102697D01*
X0115109Y0102576D01*
X0115078Y0102456D01*
X0115042Y0102336D01*
X0115003Y0102218D01*
X0114961Y0102101D01*
X0114914Y0101986D01*
X0114864Y0101872D01*
X0114810Y0101760D01*
X0114753Y0101650D01*
X0114692Y0101541D01*
X0114628Y0101434D01*
X0114561Y0101330D01*
X0114490Y0101228D01*
X0114416Y0101128D01*
X0114338Y0101030D01*
X0114258Y0100935D01*
X0114175Y0100843D01*
X0114089Y0100753D01*
X0114000Y0100666D01*
X0113908Y0100582D01*
X0113814Y0100501D01*
X0113717Y0100423D01*
X0113617Y0100348D01*
X0113516Y0100277D01*
X0113412Y0100208D01*
X0113306Y0100143D01*
X0113198Y0100082D01*
X0113088Y0100024D01*
X0112976Y0099969D01*
X0112863Y0099918D01*
X0112748Y0099871D01*
X0112631Y0099827D01*
X0112513Y0099787D01*
X0112394Y0099751D01*
X0112274Y0099719D01*
X0112153Y0099690D01*
X0112031Y0099665D01*
X0111909Y0099645D01*
X0111785Y0099628D01*
X0111662Y0099615D01*
X0111538Y0099606D01*
X0111413Y0099601D01*
X0111289Y0099600D01*
X0111165Y0099603D01*
X0111040Y0099610D01*
X0110916Y0099621D01*
X0110793Y0099636D01*
X0110670Y0099655D01*
X0110548Y0099677D01*
X0110426Y0099704D01*
X0110306Y0099734D01*
X0110186Y0099768D01*
X0110068Y0099807D01*
X0109950Y0099848D01*
X0109835Y0099894D01*
X0109720Y0099943D01*
X0109608Y0099996D01*
X0109497Y0100052D01*
X0109388Y0100112D01*
X0109281Y0100176D01*
X0109176Y0100242D01*
X0109073Y0100312D01*
X0108973Y0100386D01*
X0108875Y0100462D01*
X0108779Y0100541D01*
X0108686Y0100624D01*
X0108595Y0100709D01*
X0108508Y0100798D01*
X0108423Y0100889D01*
X0108341Y0100983D01*
X0108263Y0101079D01*
X0108187Y0101178D01*
X0108114Y0101279D01*
X0108045Y0101382D01*
X0107979Y0101488D01*
X0107917Y0101595D01*
X0107858Y0101705D01*
X0107802Y0101816D01*
X0107750Y0101929D01*
X0107702Y0102044D01*
X0107658Y0102160D01*
X0107617Y0102277D01*
X0107580Y0102396D01*
X0107546Y0102516D01*
X0107517Y0102636D01*
X0107491Y0102758D01*
X0107469Y0102881D01*
X0107452Y0103004D01*
X0107438Y0103127D01*
X0107428Y0103251D01*
X0107422Y0103376D01*
X0107420Y0103500D01*
X0107320Y0099500D02*
X0115320Y0107500D01*
X0094320Y0115000D02*
X0086320Y0115000D01*
X0090320Y0111000D02*
X0090320Y0119000D01*
X0050320Y0121000D02*
X0042320Y0121000D01*
X0046320Y0117000D02*
X0046320Y0125000D01*
X0044320Y0118000D02*
X0036320Y0118000D01*
X0040320Y0114000D02*
X0040320Y0122000D01*
X0036320Y0102000D02*
X0044320Y0102000D01*
X0040320Y0098000D02*
X0040320Y0106000D01*
X0038320Y0102000D02*
X0030320Y0102000D01*
X0034320Y0098000D02*
X0034320Y0106000D01*
X0027320Y0089000D02*
X0019320Y0089000D01*
X0023320Y0085000D02*
X0023320Y0093000D01*
X0031320Y0080000D02*
X0031320Y0076000D01*
X0031320Y0080000D02*
X0035320Y0076000D01*
X0031320Y0072000D01*
X0027320Y0076000D01*
X0031320Y0080000D01*
X0031320Y0070000D02*
X0031320Y0066000D01*
X0031320Y0070000D02*
X0035320Y0066000D01*
X0031320Y0062000D01*
X0027320Y0066000D01*
X0031320Y0070000D01*
X0031320Y0060000D02*
X0031320Y0056000D01*
X0031320Y0060000D02*
X0035320Y0056000D01*
X0031320Y0052000D01*
X0027320Y0056000D01*
X0031320Y0060000D01*
X0057320Y0041000D02*
X0065320Y0041000D01*
X0061320Y0037000D02*
X0061320Y0045000D01*
X0082320Y0056000D02*
X0090320Y0056000D01*
X0086320Y0052000D02*
X0086320Y0060000D01*
X0082320Y0061000D02*
X0090320Y0061000D01*
X0086320Y0057000D02*
X0086320Y0065000D01*
X0082320Y0066000D02*
X0090320Y0066000D01*
X0086320Y0062000D02*
X0086320Y0070000D01*
X0082320Y0071000D02*
X0090320Y0071000D01*
X0086320Y0067000D02*
X0086320Y0075000D01*
X0082320Y0076000D02*
X0090320Y0076000D01*
X0086320Y0072000D02*
X0086320Y0080000D01*
X0087320Y0076000D02*
X0095320Y0076000D01*
X0091320Y0072000D02*
X0091320Y0080000D01*
X0092320Y0076000D02*
X0100320Y0076000D01*
X0096320Y0072000D02*
X0096320Y0080000D01*
X0097320Y0076000D02*
X0105320Y0076000D01*
X0101320Y0072000D02*
X0101320Y0080000D01*
X0102320Y0076000D02*
X0110320Y0076000D01*
X0106320Y0072000D02*
X0106320Y0080000D01*
X0107320Y0076000D02*
X0115320Y0076000D01*
X0111320Y0072000D02*
X0111320Y0080000D01*
X0112320Y0076000D02*
X0120320Y0076000D01*
X0116320Y0072000D02*
X0116320Y0080000D01*
X0117320Y0076000D02*
X0125320Y0076000D01*
X0121320Y0072000D02*
X0121320Y0080000D01*
X0122320Y0076000D02*
X0130320Y0076000D01*
X0126320Y0072000D02*
X0126320Y0080000D01*
X0127320Y0076000D02*
X0135320Y0076000D01*
X0131320Y0072000D02*
X0131320Y0080000D01*
X0132320Y0076000D02*
X0140320Y0076000D01*
X0136320Y0072000D02*
X0136320Y0080000D01*
X0132320Y0071000D02*
X0140320Y0071000D01*
X0136320Y0067000D02*
X0136320Y0075000D01*
X0135320Y0071000D02*
X0127320Y0071000D01*
X0131320Y0067000D02*
X0131320Y0075000D01*
X0130320Y0071000D02*
X0122320Y0071000D01*
X0126320Y0067000D02*
X0126320Y0075000D01*
X0125320Y0071000D02*
X0117320Y0071000D01*
X0121320Y0067000D02*
X0121320Y0075000D01*
X0120320Y0071000D02*
X0112320Y0071000D01*
X0116320Y0067000D02*
X0116320Y0075000D01*
X0115320Y0071000D02*
X0107320Y0071000D01*
X0111320Y0067000D02*
X0111320Y0075000D01*
X0110320Y0071000D02*
X0102320Y0071000D01*
X0106320Y0067000D02*
X0106320Y0075000D01*
X0105320Y0071000D02*
X0097320Y0071000D01*
X0101320Y0067000D02*
X0101320Y0075000D01*
X0100320Y0071000D02*
X0092320Y0071000D01*
X0096320Y0067000D02*
X0096320Y0075000D01*
X0095320Y0071000D02*
X0087320Y0071000D01*
X0091320Y0067000D02*
X0091320Y0075000D01*
X0083320Y0081000D02*
X0075320Y0081000D01*
X0079320Y0077000D02*
X0079320Y0085000D01*
X0065320Y0089000D02*
X0057320Y0089000D01*
X0061320Y0085000D02*
X0061320Y0093000D01*
X0087320Y0066000D02*
X0095320Y0066000D01*
X0091320Y0062000D02*
X0091320Y0070000D01*
X0092320Y0066000D02*
X0100320Y0066000D01*
X0096320Y0062000D02*
X0096320Y0070000D01*
X0097320Y0066000D02*
X0105320Y0066000D01*
X0101320Y0062000D02*
X0101320Y0070000D01*
X0102320Y0066000D02*
X0110320Y0066000D01*
X0106320Y0062000D02*
X0106320Y0070000D01*
X0107320Y0066000D02*
X0115320Y0066000D01*
X0111320Y0062000D02*
X0111320Y0070000D01*
X0112320Y0066000D02*
X0120320Y0066000D01*
X0116320Y0062000D02*
X0116320Y0070000D01*
X0117320Y0066000D02*
X0125320Y0066000D01*
X0121320Y0062000D02*
X0121320Y0070000D01*
X0122320Y0066000D02*
X0130320Y0066000D01*
X0126320Y0062000D02*
X0126320Y0070000D01*
X0127320Y0066000D02*
X0135320Y0066000D01*
X0131320Y0062000D02*
X0131320Y0070000D01*
X0132320Y0066000D02*
X0140320Y0066000D01*
X0136320Y0062000D02*
X0136320Y0070000D01*
X0132320Y0061000D02*
X0140320Y0061000D01*
X0136320Y0057000D02*
X0136320Y0065000D01*
X0135320Y0061000D02*
X0127320Y0061000D01*
X0131320Y0057000D02*
X0131320Y0065000D01*
X0130320Y0061000D02*
X0122320Y0061000D01*
X0126320Y0057000D02*
X0126320Y0065000D01*
X0125320Y0061000D02*
X0117320Y0061000D01*
X0121320Y0057000D02*
X0121320Y0065000D01*
X0120320Y0061000D02*
X0112320Y0061000D01*
X0116320Y0057000D02*
X0116320Y0065000D01*
X0115320Y0061000D02*
X0107320Y0061000D01*
X0111320Y0057000D02*
X0111320Y0065000D01*
X0110320Y0061000D02*
X0102320Y0061000D01*
X0106320Y0057000D02*
X0106320Y0065000D01*
X0105320Y0061000D02*
X0097320Y0061000D01*
X0101320Y0057000D02*
X0101320Y0065000D01*
X0100320Y0061000D02*
X0092320Y0061000D01*
X0096320Y0057000D02*
X0096320Y0065000D01*
X0095320Y0061000D02*
X0087320Y0061000D01*
X0091320Y0057000D02*
X0091320Y0065000D01*
X0087320Y0056000D02*
X0095320Y0056000D01*
X0091320Y0052000D02*
X0091320Y0060000D01*
X0092320Y0056000D02*
X0100320Y0056000D01*
X0096320Y0052000D02*
X0096320Y0060000D01*
X0097320Y0056000D02*
X0105320Y0056000D01*
X0101320Y0052000D02*
X0101320Y0060000D01*
X0102320Y0056000D02*
X0110320Y0056000D01*
X0106320Y0052000D02*
X0106320Y0060000D01*
X0107320Y0056000D02*
X0115320Y0056000D01*
X0111320Y0052000D02*
X0111320Y0060000D01*
X0112320Y0056000D02*
X0120320Y0056000D01*
X0116320Y0052000D02*
X0116320Y0060000D01*
X0117320Y0056000D02*
X0125320Y0056000D01*
X0121320Y0052000D02*
X0121320Y0060000D01*
X0122320Y0056000D02*
X0130320Y0056000D01*
X0126320Y0052000D02*
X0126320Y0060000D01*
X0127320Y0056000D02*
X0135320Y0056000D01*
X0131320Y0052000D02*
X0131320Y0060000D01*
X0132320Y0056000D02*
X0140320Y0056000D01*
X0136320Y0052000D02*
X0136320Y0060000D01*
X0135320Y0051000D02*
X0127320Y0051000D01*
X0131320Y0047000D02*
X0131320Y0055000D01*
X0130320Y0051000D02*
X0122320Y0051000D01*
X0126320Y0047000D02*
X0126320Y0055000D01*
X0125320Y0051000D02*
X0117320Y0051000D01*
X0121320Y0047000D02*
X0121320Y0055000D01*
X0120320Y0051000D02*
X0112320Y0051000D01*
X0116320Y0047000D02*
X0116320Y0055000D01*
X0115320Y0051000D02*
X0107320Y0051000D01*
X0111320Y0047000D02*
X0111320Y0055000D01*
X0110320Y0051000D02*
X0102320Y0051000D01*
X0106320Y0047000D02*
X0106320Y0055000D01*
X0105320Y0051000D02*
X0097320Y0051000D01*
X0101320Y0047000D02*
X0101320Y0055000D01*
X0100320Y0051000D02*
X0092320Y0051000D01*
X0096320Y0047000D02*
X0096320Y0055000D01*
X0095320Y0051000D02*
X0087320Y0051000D01*
X0091320Y0047000D02*
X0091320Y0055000D01*
X0107420Y0028500D02*
X0107422Y0028624D01*
X0107428Y0028749D01*
X0107438Y0028873D01*
X0107452Y0028996D01*
X0107469Y0029119D01*
X0107491Y0029242D01*
X0107517Y0029364D01*
X0107546Y0029484D01*
X0107580Y0029604D01*
X0107617Y0029723D01*
X0107658Y0029840D01*
X0107702Y0029956D01*
X0107750Y0030071D01*
X0107802Y0030184D01*
X0107858Y0030295D01*
X0107917Y0030405D01*
X0107979Y0030512D01*
X0108045Y0030618D01*
X0108114Y0030721D01*
X0108187Y0030822D01*
X0108263Y0030921D01*
X0108341Y0031017D01*
X0108423Y0031111D01*
X0108508Y0031202D01*
X0108595Y0031291D01*
X0108686Y0031376D01*
X0108779Y0031459D01*
X0108875Y0031538D01*
X0108973Y0031614D01*
X0109073Y0031688D01*
X0109176Y0031758D01*
X0109281Y0031824D01*
X0109388Y0031888D01*
X0109497Y0031948D01*
X0109608Y0032004D01*
X0109720Y0032057D01*
X0109835Y0032106D01*
X0109950Y0032152D01*
X0110068Y0032193D01*
X0110186Y0032232D01*
X0110306Y0032266D01*
X0110426Y0032296D01*
X0110548Y0032323D01*
X0110670Y0032345D01*
X0110793Y0032364D01*
X0110916Y0032379D01*
X0111040Y0032390D01*
X0111165Y0032397D01*
X0111289Y0032400D01*
X0111413Y0032399D01*
X0111538Y0032394D01*
X0111662Y0032385D01*
X0111785Y0032372D01*
X0111909Y0032355D01*
X0112031Y0032335D01*
X0112153Y0032310D01*
X0112274Y0032281D01*
X0112394Y0032249D01*
X0112513Y0032213D01*
X0112631Y0032173D01*
X0112748Y0032129D01*
X0112863Y0032082D01*
X0112976Y0032031D01*
X0113088Y0031976D01*
X0113198Y0031918D01*
X0113306Y0031857D01*
X0113412Y0031792D01*
X0113516Y0031723D01*
X0113617Y0031652D01*
X0113717Y0031577D01*
X0113814Y0031499D01*
X0113908Y0031418D01*
X0114000Y0031334D01*
X0114089Y0031247D01*
X0114175Y0031157D01*
X0114258Y0031065D01*
X0114338Y0030970D01*
X0114416Y0030872D01*
X0114490Y0030772D01*
X0114561Y0030670D01*
X0114628Y0030566D01*
X0114692Y0030459D01*
X0114753Y0030350D01*
X0114810Y0030240D01*
X0114864Y0030128D01*
X0114914Y0030014D01*
X0114961Y0029899D01*
X0115003Y0029782D01*
X0115042Y0029664D01*
X0115078Y0029544D01*
X0115109Y0029424D01*
X0115136Y0029303D01*
X0115160Y0029181D01*
X0115180Y0029058D01*
X0115196Y0028934D01*
X0115208Y0028811D01*
X0115216Y0028687D01*
X0115220Y0028562D01*
X0115220Y0028438D01*
X0115216Y0028313D01*
X0115208Y0028189D01*
X0115196Y0028066D01*
X0115180Y0027942D01*
X0115160Y0027819D01*
X0115136Y0027697D01*
X0115109Y0027576D01*
X0115078Y0027456D01*
X0115042Y0027336D01*
X0115003Y0027218D01*
X0114961Y0027101D01*
X0114914Y0026986D01*
X0114864Y0026872D01*
X0114810Y0026760D01*
X0114753Y0026650D01*
X0114692Y0026541D01*
X0114628Y0026434D01*
X0114561Y0026330D01*
X0114490Y0026228D01*
X0114416Y0026128D01*
X0114338Y0026030D01*
X0114258Y0025935D01*
X0114175Y0025843D01*
X0114089Y0025753D01*
X0114000Y0025666D01*
X0113908Y0025582D01*
X0113814Y0025501D01*
X0113717Y0025423D01*
X0113617Y0025348D01*
X0113516Y0025277D01*
X0113412Y0025208D01*
X0113306Y0025143D01*
X0113198Y0025082D01*
X0113088Y0025024D01*
X0112976Y0024969D01*
X0112863Y0024918D01*
X0112748Y0024871D01*
X0112631Y0024827D01*
X0112513Y0024787D01*
X0112394Y0024751D01*
X0112274Y0024719D01*
X0112153Y0024690D01*
X0112031Y0024665D01*
X0111909Y0024645D01*
X0111785Y0024628D01*
X0111662Y0024615D01*
X0111538Y0024606D01*
X0111413Y0024601D01*
X0111289Y0024600D01*
X0111165Y0024603D01*
X0111040Y0024610D01*
X0110916Y0024621D01*
X0110793Y0024636D01*
X0110670Y0024655D01*
X0110548Y0024677D01*
X0110426Y0024704D01*
X0110306Y0024734D01*
X0110186Y0024768D01*
X0110068Y0024807D01*
X0109950Y0024848D01*
X0109835Y0024894D01*
X0109720Y0024943D01*
X0109608Y0024996D01*
X0109497Y0025052D01*
X0109388Y0025112D01*
X0109281Y0025176D01*
X0109176Y0025242D01*
X0109073Y0025312D01*
X0108973Y0025386D01*
X0108875Y0025462D01*
X0108779Y0025541D01*
X0108686Y0025624D01*
X0108595Y0025709D01*
X0108508Y0025798D01*
X0108423Y0025889D01*
X0108341Y0025983D01*
X0108263Y0026079D01*
X0108187Y0026178D01*
X0108114Y0026279D01*
X0108045Y0026382D01*
X0107979Y0026488D01*
X0107917Y0026595D01*
X0107858Y0026705D01*
X0107802Y0026816D01*
X0107750Y0026929D01*
X0107702Y0027044D01*
X0107658Y0027160D01*
X0107617Y0027277D01*
X0107580Y0027396D01*
X0107546Y0027516D01*
X0107517Y0027636D01*
X0107491Y0027758D01*
X0107469Y0027881D01*
X0107452Y0028004D01*
X0107438Y0028127D01*
X0107428Y0028251D01*
X0107422Y0028376D01*
X0107420Y0028500D01*
X0107320Y0024500D02*
X0115320Y0032500D01*
X0137320Y0026000D02*
X0145320Y0026000D01*
X0141320Y0022000D02*
X0141320Y0030000D01*
X0142320Y0031000D02*
X0150320Y0031000D01*
X0146320Y0027000D02*
X0146320Y0035000D01*
X0159320Y0024000D02*
X0167320Y0024000D01*
X0163320Y0020000D02*
X0163320Y0028000D01*
X0164320Y0039000D02*
X0172320Y0039000D01*
X0168320Y0035000D02*
X0168320Y0043000D01*
X0176320Y0040000D02*
X0184320Y0040000D01*
X0180320Y0036000D02*
X0180320Y0044000D01*
X0185320Y0044000D02*
X0193320Y0044000D01*
X0189320Y0040000D02*
X0189320Y0048000D01*
X0184320Y0051000D02*
X0176320Y0051000D01*
X0180320Y0047000D02*
X0180320Y0055000D01*
X0175320Y0055000D02*
X0167320Y0055000D01*
X0171320Y0051000D02*
X0171320Y0059000D01*
X0167320Y0075000D02*
X0175320Y0075000D01*
X0171320Y0071000D02*
X0171320Y0079000D01*
X0182320Y0086000D02*
X0190320Y0086000D01*
X0186320Y0082000D02*
X0186320Y0090000D01*
X0193109Y0077378D02*
X0193111Y0077502D01*
X0193117Y0077627D01*
X0193127Y0077751D01*
X0193141Y0077874D01*
X0193158Y0077997D01*
X0193180Y0078120D01*
X0193206Y0078242D01*
X0193235Y0078362D01*
X0193269Y0078482D01*
X0193306Y0078601D01*
X0193347Y0078718D01*
X0193391Y0078834D01*
X0193439Y0078949D01*
X0193491Y0079062D01*
X0193547Y0079173D01*
X0193606Y0079283D01*
X0193668Y0079390D01*
X0193734Y0079496D01*
X0193803Y0079599D01*
X0193876Y0079700D01*
X0193952Y0079799D01*
X0194030Y0079895D01*
X0194112Y0079989D01*
X0194197Y0080080D01*
X0194284Y0080169D01*
X0194375Y0080254D01*
X0194468Y0080337D01*
X0194564Y0080416D01*
X0194662Y0080492D01*
X0194762Y0080566D01*
X0194865Y0080636D01*
X0194970Y0080702D01*
X0195077Y0080766D01*
X0195186Y0080826D01*
X0195297Y0080882D01*
X0195409Y0080935D01*
X0195524Y0080984D01*
X0195639Y0081030D01*
X0195757Y0081071D01*
X0195875Y0081110D01*
X0195995Y0081144D01*
X0196115Y0081174D01*
X0196237Y0081201D01*
X0196359Y0081223D01*
X0196482Y0081242D01*
X0196605Y0081257D01*
X0196729Y0081268D01*
X0196854Y0081275D01*
X0196978Y0081278D01*
X0197102Y0081277D01*
X0197227Y0081272D01*
X0197351Y0081263D01*
X0197474Y0081250D01*
X0197598Y0081233D01*
X0197720Y0081213D01*
X0197842Y0081188D01*
X0197963Y0081159D01*
X0198083Y0081127D01*
X0198202Y0081091D01*
X0198320Y0081051D01*
X0198437Y0081007D01*
X0198552Y0080960D01*
X0198665Y0080909D01*
X0198777Y0080854D01*
X0198887Y0080796D01*
X0198995Y0080735D01*
X0199101Y0080670D01*
X0199205Y0080601D01*
X0199306Y0080530D01*
X0199406Y0080455D01*
X0199503Y0080377D01*
X0199597Y0080296D01*
X0199689Y0080212D01*
X0199778Y0080125D01*
X0199864Y0080035D01*
X0199947Y0079943D01*
X0200027Y0079848D01*
X0200105Y0079750D01*
X0200179Y0079650D01*
X0200250Y0079548D01*
X0200317Y0079444D01*
X0200381Y0079337D01*
X0200442Y0079228D01*
X0200499Y0079118D01*
X0200553Y0079006D01*
X0200603Y0078892D01*
X0200650Y0078777D01*
X0200692Y0078660D01*
X0200731Y0078542D01*
X0200767Y0078422D01*
X0200798Y0078302D01*
X0200825Y0078181D01*
X0200849Y0078059D01*
X0200869Y0077936D01*
X0200885Y0077812D01*
X0200897Y0077689D01*
X0200905Y0077565D01*
X0200909Y0077440D01*
X0200909Y0077316D01*
X0200905Y0077191D01*
X0200897Y0077067D01*
X0200885Y0076944D01*
X0200869Y0076820D01*
X0200849Y0076697D01*
X0200825Y0076575D01*
X0200798Y0076454D01*
X0200767Y0076334D01*
X0200731Y0076214D01*
X0200692Y0076096D01*
X0200650Y0075979D01*
X0200603Y0075864D01*
X0200553Y0075750D01*
X0200499Y0075638D01*
X0200442Y0075528D01*
X0200381Y0075419D01*
X0200317Y0075312D01*
X0200250Y0075208D01*
X0200179Y0075106D01*
X0200105Y0075006D01*
X0200027Y0074908D01*
X0199947Y0074813D01*
X0199864Y0074721D01*
X0199778Y0074631D01*
X0199689Y0074544D01*
X0199597Y0074460D01*
X0199503Y0074379D01*
X0199406Y0074301D01*
X0199306Y0074226D01*
X0199205Y0074155D01*
X0199101Y0074086D01*
X0198995Y0074021D01*
X0198887Y0073960D01*
X0198777Y0073902D01*
X0198665Y0073847D01*
X0198552Y0073796D01*
X0198437Y0073749D01*
X0198320Y0073705D01*
X0198202Y0073665D01*
X0198083Y0073629D01*
X0197963Y0073597D01*
X0197842Y0073568D01*
X0197720Y0073543D01*
X0197598Y0073523D01*
X0197474Y0073506D01*
X0197351Y0073493D01*
X0197227Y0073484D01*
X0197102Y0073479D01*
X0196978Y0073478D01*
X0196854Y0073481D01*
X0196729Y0073488D01*
X0196605Y0073499D01*
X0196482Y0073514D01*
X0196359Y0073533D01*
X0196237Y0073555D01*
X0196115Y0073582D01*
X0195995Y0073612D01*
X0195875Y0073646D01*
X0195757Y0073685D01*
X0195639Y0073726D01*
X0195524Y0073772D01*
X0195409Y0073821D01*
X0195297Y0073874D01*
X0195186Y0073930D01*
X0195077Y0073990D01*
X0194970Y0074054D01*
X0194865Y0074120D01*
X0194762Y0074190D01*
X0194662Y0074264D01*
X0194564Y0074340D01*
X0194468Y0074419D01*
X0194375Y0074502D01*
X0194284Y0074587D01*
X0194197Y0074676D01*
X0194112Y0074767D01*
X0194030Y0074861D01*
X0193952Y0074957D01*
X0193876Y0075056D01*
X0193803Y0075157D01*
X0193734Y0075260D01*
X0193668Y0075366D01*
X0193606Y0075473D01*
X0193547Y0075583D01*
X0193491Y0075694D01*
X0193439Y0075807D01*
X0193391Y0075922D01*
X0193347Y0076038D01*
X0193306Y0076155D01*
X0193269Y0076274D01*
X0193235Y0076394D01*
X0193206Y0076514D01*
X0193180Y0076636D01*
X0193158Y0076759D01*
X0193141Y0076882D01*
X0193127Y0077005D01*
X0193117Y0077129D01*
X0193111Y0077254D01*
X0193109Y0077378D01*
X0193009Y0073378D02*
X0201009Y0081378D01*
X0202320Y0071000D02*
X0210320Y0071000D01*
X0206320Y0067000D02*
X0206320Y0075000D01*
X0202320Y0061000D02*
X0210320Y0061000D01*
X0206320Y0057000D02*
X0206320Y0065000D01*
X0193109Y0054622D02*
X0193111Y0054746D01*
X0193117Y0054871D01*
X0193127Y0054995D01*
X0193141Y0055118D01*
X0193158Y0055241D01*
X0193180Y0055364D01*
X0193206Y0055486D01*
X0193235Y0055606D01*
X0193269Y0055726D01*
X0193306Y0055845D01*
X0193347Y0055962D01*
X0193391Y0056078D01*
X0193439Y0056193D01*
X0193491Y0056306D01*
X0193547Y0056417D01*
X0193606Y0056527D01*
X0193668Y0056634D01*
X0193734Y0056740D01*
X0193803Y0056843D01*
X0193876Y0056944D01*
X0193952Y0057043D01*
X0194030Y0057139D01*
X0194112Y0057233D01*
X0194197Y0057324D01*
X0194284Y0057413D01*
X0194375Y0057498D01*
X0194468Y0057581D01*
X0194564Y0057660D01*
X0194662Y0057736D01*
X0194762Y0057810D01*
X0194865Y0057880D01*
X0194970Y0057946D01*
X0195077Y0058010D01*
X0195186Y0058070D01*
X0195297Y0058126D01*
X0195409Y0058179D01*
X0195524Y0058228D01*
X0195639Y0058274D01*
X0195757Y0058315D01*
X0195875Y0058354D01*
X0195995Y0058388D01*
X0196115Y0058418D01*
X0196237Y0058445D01*
X0196359Y0058467D01*
X0196482Y0058486D01*
X0196605Y0058501D01*
X0196729Y0058512D01*
X0196854Y0058519D01*
X0196978Y0058522D01*
X0197102Y0058521D01*
X0197227Y0058516D01*
X0197351Y0058507D01*
X0197474Y0058494D01*
X0197598Y0058477D01*
X0197720Y0058457D01*
X0197842Y0058432D01*
X0197963Y0058403D01*
X0198083Y0058371D01*
X0198202Y0058335D01*
X0198320Y0058295D01*
X0198437Y0058251D01*
X0198552Y0058204D01*
X0198665Y0058153D01*
X0198777Y0058098D01*
X0198887Y0058040D01*
X0198995Y0057979D01*
X0199101Y0057914D01*
X0199205Y0057845D01*
X0199306Y0057774D01*
X0199406Y0057699D01*
X0199503Y0057621D01*
X0199597Y0057540D01*
X0199689Y0057456D01*
X0199778Y0057369D01*
X0199864Y0057279D01*
X0199947Y0057187D01*
X0200027Y0057092D01*
X0200105Y0056994D01*
X0200179Y0056894D01*
X0200250Y0056792D01*
X0200317Y0056688D01*
X0200381Y0056581D01*
X0200442Y0056472D01*
X0200499Y0056362D01*
X0200553Y0056250D01*
X0200603Y0056136D01*
X0200650Y0056021D01*
X0200692Y0055904D01*
X0200731Y0055786D01*
X0200767Y0055666D01*
X0200798Y0055546D01*
X0200825Y0055425D01*
X0200849Y0055303D01*
X0200869Y0055180D01*
X0200885Y0055056D01*
X0200897Y0054933D01*
X0200905Y0054809D01*
X0200909Y0054684D01*
X0200909Y0054560D01*
X0200905Y0054435D01*
X0200897Y0054311D01*
X0200885Y0054188D01*
X0200869Y0054064D01*
X0200849Y0053941D01*
X0200825Y0053819D01*
X0200798Y0053698D01*
X0200767Y0053578D01*
X0200731Y0053458D01*
X0200692Y0053340D01*
X0200650Y0053223D01*
X0200603Y0053108D01*
X0200553Y0052994D01*
X0200499Y0052882D01*
X0200442Y0052772D01*
X0200381Y0052663D01*
X0200317Y0052556D01*
X0200250Y0052452D01*
X0200179Y0052350D01*
X0200105Y0052250D01*
X0200027Y0052152D01*
X0199947Y0052057D01*
X0199864Y0051965D01*
X0199778Y0051875D01*
X0199689Y0051788D01*
X0199597Y0051704D01*
X0199503Y0051623D01*
X0199406Y0051545D01*
X0199306Y0051470D01*
X0199205Y0051399D01*
X0199101Y0051330D01*
X0198995Y0051265D01*
X0198887Y0051204D01*
X0198777Y0051146D01*
X0198665Y0051091D01*
X0198552Y0051040D01*
X0198437Y0050993D01*
X0198320Y0050949D01*
X0198202Y0050909D01*
X0198083Y0050873D01*
X0197963Y0050841D01*
X0197842Y0050812D01*
X0197720Y0050787D01*
X0197598Y0050767D01*
X0197474Y0050750D01*
X0197351Y0050737D01*
X0197227Y0050728D01*
X0197102Y0050723D01*
X0196978Y0050722D01*
X0196854Y0050725D01*
X0196729Y0050732D01*
X0196605Y0050743D01*
X0196482Y0050758D01*
X0196359Y0050777D01*
X0196237Y0050799D01*
X0196115Y0050826D01*
X0195995Y0050856D01*
X0195875Y0050890D01*
X0195757Y0050929D01*
X0195639Y0050970D01*
X0195524Y0051016D01*
X0195409Y0051065D01*
X0195297Y0051118D01*
X0195186Y0051174D01*
X0195077Y0051234D01*
X0194970Y0051298D01*
X0194865Y0051364D01*
X0194762Y0051434D01*
X0194662Y0051508D01*
X0194564Y0051584D01*
X0194468Y0051663D01*
X0194375Y0051746D01*
X0194284Y0051831D01*
X0194197Y0051920D01*
X0194112Y0052011D01*
X0194030Y0052105D01*
X0193952Y0052201D01*
X0193876Y0052300D01*
X0193803Y0052401D01*
X0193734Y0052504D01*
X0193668Y0052610D01*
X0193606Y0052717D01*
X0193547Y0052827D01*
X0193491Y0052938D01*
X0193439Y0053051D01*
X0193391Y0053166D01*
X0193347Y0053282D01*
X0193306Y0053399D01*
X0193269Y0053518D01*
X0193235Y0053638D01*
X0193206Y0053758D01*
X0193180Y0053880D01*
X0193158Y0054003D01*
X0193141Y0054126D01*
X0193127Y0054249D01*
X0193117Y0054373D01*
X0193111Y0054498D01*
X0193109Y0054622D01*
X0193009Y0050622D02*
X0201009Y0058622D01*
X0204320Y0033000D02*
X0196320Y0033000D01*
X0200320Y0029000D02*
X0200320Y0037000D01*
X0198320Y0033000D02*
X0190320Y0033000D01*
X0194320Y0029000D02*
X0194320Y0037000D01*
X0190320Y0019000D02*
X0198320Y0019000D01*
X0194320Y0015000D02*
X0194320Y0023000D01*
X0192320Y0019000D02*
X0184320Y0019000D01*
X0188320Y0015000D02*
X0188320Y0023000D01*
X0184320Y0018000D02*
X0176320Y0018000D01*
X0180320Y0014000D02*
X0180320Y0022000D01*
X0190320Y0013000D02*
X0198320Y0013000D01*
X0194320Y0009000D02*
X0194320Y0017000D01*
X0150320Y0021000D02*
X0142320Y0021000D01*
X0146320Y0017000D02*
X0146320Y0025000D01*
X0085320Y0008000D02*
X0077320Y0008000D01*
X0081320Y0004000D02*
X0081320Y0012000D01*
X0078320Y0008000D02*
X0070320Y0008000D01*
X0074320Y0004000D02*
X0074320Y0012000D01*
X0072320Y0021000D02*
X0080320Y0021000D01*
X0076320Y0017000D02*
X0076320Y0025000D01*
X0054320Y0024000D02*
X0046320Y0024000D01*
X0050320Y0020000D02*
X0050320Y0028000D01*
X0053320Y0008000D02*
X0045320Y0008000D01*
X0049320Y0004000D02*
X0049320Y0012000D01*
X0027320Y0009000D02*
X0019320Y0009000D01*
X0023320Y0005000D02*
X0023320Y0013000D01*
X0202320Y0111000D02*
X0210320Y0111000D01*
X0206320Y0107000D02*
X0206320Y0115000D01*
M02*
